2015-04-17 18:39:03.716 Numerology[957:26377] DiskCookieStorage changing policy from 2 to 0, cookie file: file:///Users/prasathbasuvaraj/Library/Developer/CoreSimulator/Devices/07B8D4A5-EBCE-4F93-A52F-8998C3C96A9C/data/Containers/Data/Application/0803595B-3CC8-413E-ABF0-C8801F7E2B0C/Library/Cookies/Cookies.binarycookies
2015-04-17 18:39:03.851 Numerology[957:26377] Apache Cordova native platform version 3.7.0 is starting.
2015-04-17 18:39:03.852 Numerology[957:26377] Multi-tasking -> Device: YES, App: YES
2015-04-17 18:39:03.855 Numerology[957:26377] Unlimited access to network resources
2015-04-17 18:39:03.859 Numerology[957:26377] 

Started backup to iCloud! Please be careful.
Your application might be rejected by Apple if you store too much data.
For more information please read "iOS Data Storage Guidelines" at:
https://developer.apple.com/icloud/documentation/data-storage/
To disable web storage backup to iCloud, set the BackupWebStorage preference to "local" in the Cordova config.xml file

2015-04-17 18:39:04.828 Numerology[957:26377] Resetting plugins due to page load.
2015-04-17 18:39:04.929 Numerology[957:26377] Finished load of: file:///Users/prasathbasuvaraj/Library/Developer/CoreSimulator/Devices/07B8D4A5-EBCE-4F93-A52F-8998C3C96A9C/data/Containers/Bundle/Application/EB524F1A-5CD8-4C75-B256-803FDC058DAD/Numerology.app/www/index.html
2015-07-21 22:36:45.261 Numerology[1521:28256] DiskCookieStorage changing policy from 2 to 0, cookie file: file:///Users/prasathbasuvaraj/Library/Developer/CoreSimulator/Devices/A9041267-CFE0-4A75-B009-B7AD84E7A133/data/Containers/Data/Application/158CEE2F-7A3F-4F37-8A08-FECDC88184C6/Library/Cookies/Cookies.binarycookies
2015-07-21 22:36:45.630 Numerology[1521:28256] Apache Cordova native platform version 3.7.0 is starting.
2015-07-21 22:36:45.631 Numerology[1521:28256] Multi-tasking -> Device: YES, App: YES
2015-07-21 22:36:45.650 Numerology[1521:28256] Unlimited access to network resources
2015-07-21 22:36:45.665 Numerology[1521:28256] 

Started backup to iCloud! Please be careful.
Your application might be rejected by Apple if you store too much data.
For more information please read "iOS Data Storage Guidelines" at:
https://developer.apple.com/icloud/documentation/data-storage/
To disable web storage backup to iCloud, set the BackupWebStorage preference to "local" in the Cordova config.xml file

2015-07-21 22:36:46.590 Numerology[1521:28256] Resetting plugins due to page load.
2015-07-21 22:36:46.892 Numerology[1521:28256] Finished load of: file:///Users/prasathbasuvaraj/Library/Developer/CoreSimulator/Devices/A9041267-CFE0-4A75-B009-B7AD84E7A133/data/Containers/Bundle/Application/E6F722C7-6B23-4973-BCFB-EBC0A2D7663F/Numerology.app/www/index.html#/numerology
2015-07-21 22:52:22.589 Numerology[1674:32211] DiskCookieStorage changing policy from 2 to 0, cookie file: file:///Users/prasathbasuvaraj/Library/Developer/CoreSimulator/Devices/A9041267-CFE0-4A75-B009-B7AD84E7A133/data/Containers/Data/Application/1D5CD096-C9DB-4CD3-A1C1-CC94D61D018D/Library/Cookies/Cookies.binarycookies
2015-07-21 22:52:22.673 Numerology[1674:32211] Apache Cordova native platform version 3.7.0 is starting.
2015-07-21 22:52:22.674 Numerology[1674:32211] Multi-tasking -> Device: YES, App: YES
2015-07-21 22:52:22.676 Numerology[1674:32211] Unlimited access to network resources
2015-07-21 22:52:22.679 Numerology[1674:32211] 

Started backup to iCloud! Please be careful.
Your application might be rejected by Apple if you store too much data.
For more information please read "iOS Data Storage Guidelines" at:
https://developer.apple.com/icloud/documentation/data-storage/
To disable web storage backup to iCloud, set the BackupWebStorage preference to "local" in the Cordova config.xml file

2015-07-21 22:52:22.847 Numerology[1674:32211] Resetting plugins due to page load.
2015-07-21 22:52:23.019 Numerology[1674:32211] Finished load of: file:///Users/prasathbasuvaraj/Library/Developer/CoreSimulator/Devices/A9041267-CFE0-4A75-B009-B7AD84E7A133/data/Containers/Bundle/Application/1648C9D2-F60C-4191-913E-E1BB346CB0AD/Numerology.app/www/index.html#/numerology
2015-07-21 22:54:10.527 Numerology[1787:33026] DiskCookieStorage changing policy from 2 to 0, cookie file: file:///Users/prasathbasuvaraj/Library/Developer/CoreSimulator/Devices/A9041267-CFE0-4A75-B009-B7AD84E7A133/data/Containers/Data/Application/4C60CD30-7BDE-4A1A-BFD4-07903CD7E80D/Library/Cookies/Cookies.binarycookies
2015-07-21 22:54:10.623 Numerology[1787:33026] Apache Cordova native platform version 3.7.0 is starting.
2015-07-21 22:54:10.624 Numerology[1787:33026] Multi-tasking -> Device: YES, App: YES
2015-07-21 22:54:10.626 Numerology[1787:33026] Unlimited access to network resources
2015-07-21 22:54:10.629 Numerology[1787:33026] 

Started backup to iCloud! Please be careful.
Your application might be rejected by Apple if you store too much data.
For more information please read "iOS Data Storage Guidelines" at:
https://developer.apple.com/icloud/documentation/data-storage/
To disable web storage backup to iCloud, set the BackupWebStorage preference to "local" in the Cordova config.xml file

2015-07-21 22:54:10.790 Numerology[1787:33026] Resetting plugins due to page load.
2015-07-21 22:54:10.965 Numerology[1787:33026] Finished load of: file:///Users/prasathbasuvaraj/Library/Developer/CoreSimulator/Devices/A9041267-CFE0-4A75-B009-B7AD84E7A133/data/Containers/Bundle/Application/24B5D48D-2337-4F15-B0EF-3BEEDAB99F00/Numerology.app/www/index.html#/numerology
2015-07-21 22:54:38.975 Numerology[1893:33438] DiskCookieStorage changing policy from 2 to 0, cookie file: file:///Users/prasathbasuvaraj/Library/Developer/CoreSimulator/Devices/A9041267-CFE0-4A75-B009-B7AD84E7A133/data/Containers/Data/Application/355AE034-C4F7-4186-874C-9729C2D21968/Library/Cookies/Cookies.binarycookies
2015-07-21 22:54:39.067 Numerology[1893:33438] Apache Cordova native platform version 3.7.0 is starting.
2015-07-21 22:54:39.068 Numerology[1893:33438] Multi-tasking -> Device: YES, App: YES
2015-07-21 22:54:39.070 Numerology[1893:33438] Unlimited access to network resources
2015-07-21 22:54:39.075 Numerology[1893:33438] 

Started backup to iCloud! Please be careful.
Your application might be rejected by Apple if you store too much data.
For more information please read "iOS Data Storage Guidelines" at:
https://developer.apple.com/icloud/documentation/data-storage/
To disable web storage backup to iCloud, set the BackupWebStorage preference to "local" in the Cordova config.xml file

2015-07-21 22:54:39.241 Numerology[1893:33438] Resetting plugins due to page load.
2015-07-21 22:54:39.427 Numerology[1893:33438] Finished load of: file:///Users/prasathbasuvaraj/Library/Developer/CoreSimulator/Devices/A9041267-CFE0-4A75-B009-B7AD84E7A133/data/Containers/Bundle/Application/531D4CAF-6AE3-48A0-9BC7-F338BC853F4F/Numerology.app/www/index.html#/numerology
2015-07-21 22:55:08.019 Numerology[1998:33843] DiskCookieStorage changing policy from 2 to 0, cookie file: file:///Users/prasathbasuvaraj/Library/Developer/CoreSimulator/Devices/A9041267-CFE0-4A75-B009-B7AD84E7A133/data/Containers/Data/Application/8D0F7056-C85B-45FA-A9F9-37C2E67EEB59/Library/Cookies/Cookies.binarycookies
2015-07-21 22:55:08.117 Numerology[1998:33843] Apache Cordova native platform version 3.7.0 is starting.
2015-07-21 22:55:08.117 Numerology[1998:33843] Multi-tasking -> Device: YES, App: YES
2015-07-21 22:55:08.119 Numerology[1998:33843] Unlimited access to network resources
2015-07-21 22:55:08.122 Numerology[1998:33843] 

Started backup to iCloud! Please be careful.
Your application might be rejected by Apple if you store too much data.
For more information please read "iOS Data Storage Guidelines" at:
https://developer.apple.com/icloud/documentation/data-storage/
To disable web storage backup to iCloud, set the BackupWebStorage preference to "local" in the Cordova config.xml file

2015-07-21 22:55:08.298 Numerology[1998:33843] Resetting plugins due to page load.
2015-07-21 22:55:08.477 Numerology[1998:33843] Finished load of: file:///Users/prasathbasuvaraj/Library/Developer/CoreSimulator/Devices/A9041267-CFE0-4A75-B009-B7AD84E7A133/data/Containers/Bundle/Application/6B165B2E-403F-4853-B40A-888014AD1FB1/Numerology.app/www/index.html#/numerology
2015-07-21 22:55:33.103 Numerology[2106:34230] DiskCookieStorage changing policy from 2 to 0, cookie file: file:///Users/prasathbasuvaraj/Library/Developer/CoreSimulator/Devices/A9041267-CFE0-4A75-B009-B7AD84E7A133/data/Containers/Data/Application/7DDB956B-DB9F-4957-A63C-CCBFE11ADACF/Library/Cookies/Cookies.binarycookies
2015-07-21 22:55:33.193 Numerology[2106:34230] Apache Cordova native platform version 3.7.0 is starting.
2015-07-21 22:55:33.193 Numerology[2106:34230] Multi-tasking -> Device: YES, App: YES
2015-07-21 22:55:33.195 Numerology[2106:34230] Unlimited access to network resources
2015-07-21 22:55:33.198 Numerology[2106:34230] 

Started backup to iCloud! Please be careful.
Your application might be rejected by Apple if you store too much data.
For more information please read "iOS Data Storage Guidelines" at:
https://developer.apple.com/icloud/documentation/data-storage/
To disable web storage backup to iCloud, set the BackupWebStorage preference to "local" in the Cordova config.xml file

2015-07-21 22:55:33.373 Numerology[2106:34230] Resetting plugins due to page load.
2015-07-21 22:55:33.549 Numerology[2106:34230] Finished load of: file:///Users/prasathbasuvaraj/Library/Developer/CoreSimulator/Devices/A9041267-CFE0-4A75-B009-B7AD84E7A133/data/Containers/Bundle/Application/C223FDEA-9898-479A-A132-3C8DD4898E50/Numerology.app/www/index.html#/numerology
2015-07-21 22:56:03.534 Numerology[2212:34620] DiskCookieStorage changing policy from 2 to 0, cookie file: file:///Users/prasathbasuvaraj/Library/Developer/CoreSimulator/Devices/A9041267-CFE0-4A75-B009-B7AD84E7A133/data/Containers/Data/Application/AE100894-0A29-492F-8EE9-8C46D5018882/Library/Cookies/Cookies.binarycookies
2015-07-21 22:56:03.643 Numerology[2212:34620] Apache Cordova native platform version 3.7.0 is starting.
2015-07-21 22:56:03.643 Numerology[2212:34620] Multi-tasking -> Device: YES, App: YES
2015-07-21 22:56:03.653 Numerology[2212:34620] Unlimited access to network resources
2015-07-21 22:56:03.656 Numerology[2212:34620] 

Started backup to iCloud! Please be careful.
Your application might be rejected by Apple if you store too much data.
For more information please read "iOS Data Storage Guidelines" at:
https://developer.apple.com/icloud/documentation/data-storage/
To disable web storage backup to iCloud, set the BackupWebStorage preference to "local" in the Cordova config.xml file

2015-07-21 22:56:03.804 Numerology[2212:34620] Resetting plugins due to page load.
2015-07-21 22:56:03.984 Numerology[2212:34620] Finished load of: file:///Users/prasathbasuvaraj/Library/Developer/CoreSimulator/Devices/A9041267-CFE0-4A75-B009-B7AD84E7A133/data/Containers/Bundle/Application/71FB99D1-52CC-406F-804D-59E114B41B37/Numerology.app/www/index.html#/numerology
2015-07-21 22:57:01.632 Numerology[2317:35207] DiskCookieStorage changing policy from 2 to 0, cookie file: file:///Users/prasathbasuvaraj/Library/Developer/CoreSimulator/Devices/A9041267-CFE0-4A75-B009-B7AD84E7A133/data/Containers/Data/Application/BE5DCC06-685F-4506-84DD-C2557F36F1A2/Library/Cookies/Cookies.binarycookies
2015-07-21 22:57:01.731 Numerology[2317:35207] Apache Cordova native platform version 3.7.0 is starting.
2015-07-21 22:57:01.731 Numerology[2317:35207] Multi-tasking -> Device: YES, App: YES
2015-07-21 22:57:01.741 Numerology[2317:35207] Unlimited access to network resources
2015-07-21 22:57:01.744 Numerology[2317:35207] 

Started backup to iCloud! Please be careful.
Your application might be rejected by Apple if you store too much data.
For more information please read "iOS Data Storage Guidelines" at:
https://developer.apple.com/icloud/documentation/data-storage/
To disable web storage backup to iCloud, set the BackupWebStorage preference to "local" in the Cordova config.xml file

2015-07-21 22:57:01.899 Numerology[2317:35207] Resetting plugins due to page load.
2015-07-21 22:57:02.048 Numerology[2317:35207] Finished load of: file:///Users/prasathbasuvaraj/Library/Developer/CoreSimulator/Devices/A9041267-CFE0-4A75-B009-B7AD84E7A133/data/Containers/Bundle/Application/E3233D40-9E15-4699-BB1D-C0542A326B04/Numerology.app/www/index.html#/numerology
2015-07-21 22:57:49.083 Numerology[2424:35682] DiskCookieStorage changing policy from 2 to 0, cookie file: file:///Users/prasathbasuvaraj/Library/Developer/CoreSimulator/Devices/A9041267-CFE0-4A75-B009-B7AD84E7A133/data/Containers/Data/Application/6753922A-88E8-4CBF-9B43-C5FD1D8DAFDC/Library/Cookies/Cookies.binarycookies
2015-07-21 22:57:49.178 Numerology[2424:35682] Apache Cordova native platform version 3.7.0 is starting.
2015-07-21 22:57:49.178 Numerology[2424:35682] Multi-tasking -> Device: YES, App: YES
2015-07-21 22:57:49.180 Numerology[2424:35682] Unlimited access to network resources
2015-07-21 22:57:49.183 Numerology[2424:35682] 

Started backup to iCloud! Please be careful.
Your application might be rejected by Apple if you store too much data.
For more information please read "iOS Data Storage Guidelines" at:
https://developer.apple.com/icloud/documentation/data-storage/
To disable web storage backup to iCloud, set the BackupWebStorage preference to "local" in the Cordova config.xml file

2015-07-21 22:57:49.352 Numerology[2424:35682] Resetting plugins due to page load.
2015-07-21 22:57:49.502 Numerology[2424:35682] Finished load of: file:///Users/prasathbasuvaraj/Library/Developer/CoreSimulator/Devices/A9041267-CFE0-4A75-B009-B7AD84E7A133/data/Containers/Bundle/Application/142514DD-E9A0-4E91-9E68-F255DC79C27F/Numerology.app/www/index.html#/numerology
2015-07-21 22:58:07.524 Numerology[2531:35994] DiskCookieStorage changing policy from 2 to 0, cookie file: file:///Users/prasathbasuvaraj/Library/Developer/CoreSimulator/Devices/A9041267-CFE0-4A75-B009-B7AD84E7A133/data/Containers/Data/Application/3A690952-05F9-429C-AAFF-6C4D0B589283/Library/Cookies/Cookies.binarycookies
2015-07-21 22:58:07.644 Numerology[2531:35994] Apache Cordova native platform version 3.7.0 is starting.
2015-07-21 22:58:07.644 Numerology[2531:35994] Multi-tasking -> Device: YES, App: YES
2015-07-21 22:58:07.653 Numerology[2531:35994] Unlimited access to network resources
2015-07-21 22:58:07.657 Numerology[2531:35994] 

Started backup to iCloud! Please be careful.
Your application might be rejected by Apple if you store too much data.
For more information please read "iOS Data Storage Guidelines" at:
https://developer.apple.com/icloud/documentation/data-storage/
To disable web storage backup to iCloud, set the BackupWebStorage preference to "local" in the Cordova config.xml file

2015-07-21 22:58:07.801 Numerology[2531:35994] Resetting plugins due to page load.
2015-07-21 22:58:07.980 Numerology[2531:35994] Finished load of: file:///Users/prasathbasuvaraj/Library/Developer/CoreSimulator/Devices/A9041267-CFE0-4A75-B009-B7AD84E7A133/data/Containers/Bundle/Application/3035CFA9-26FE-4E0C-8411-31811C70C169/Numerology.app/www/index.html#/numerology
2015-07-21 22:59:04.029 Numerology[2636:36569] DiskCookieStorage changing policy from 2 to 0, cookie file: file:///Users/prasathbasuvaraj/Library/Developer/CoreSimulator/Devices/A9041267-CFE0-4A75-B009-B7AD84E7A133/data/Containers/Data/Application/B8D857F7-77A7-47B4-9EF1-E03CEA21DAD7/Library/Cookies/Cookies.binarycookies
2015-07-21 22:59:04.141 Numerology[2636:36569] Apache Cordova native platform version 3.7.0 is starting.
2015-07-21 22:59:04.141 Numerology[2636:36569] Multi-tasking -> Device: YES, App: YES
2015-07-21 22:59:04.150 Numerology[2636:36569] Unlimited access to network resources
2015-07-21 22:59:04.153 Numerology[2636:36569] 

Started backup to iCloud! Please be careful.
Your application might be rejected by Apple if you store too much data.
For more information please read "iOS Data Storage Guidelines" at:
https://developer.apple.com/icloud/documentation/data-storage/
To disable web storage backup to iCloud, set the BackupWebStorage preference to "local" in the Cordova config.xml file

2015-07-21 22:59:04.304 Numerology[2636:36569] Resetting plugins due to page load.
2015-07-21 22:59:04.487 Numerology[2636:36569] Finished load of: file:///Users/prasathbasuvaraj/Library/Developer/CoreSimulator/Devices/A9041267-CFE0-4A75-B009-B7AD84E7A133/data/Containers/Bundle/Application/A67AD003-93F8-48AD-A010-50F5115BD2DC/Numerology.app/www/index.html#/numerology
2015-07-21 23:01:09.267 Numerology[2746:37335] DiskCookieStorage changing policy from 2 to 0, cookie file: file:///Users/prasathbasuvaraj/Library/Developer/CoreSimulator/Devices/A9041267-CFE0-4A75-B009-B7AD84E7A133/data/Containers/Data/Application/A5FC92B4-B28E-4CE1-AE62-22CCA247ADAD/Library/Cookies/Cookies.binarycookies
2015-07-21 23:01:09.399 Numerology[2746:37335] Apache Cordova native platform version 3.7.0 is starting.
2015-07-21 23:01:09.400 Numerology[2746:37335] Multi-tasking -> Device: YES, App: YES
2015-07-21 23:01:09.410 Numerology[2746:37335] Unlimited access to network resources
2015-07-21 23:01:09.413 Numerology[2746:37335] 

Started backup to iCloud! Please be careful.
Your application might be rejected by Apple if you store too much data.
For more information please read "iOS Data Storage Guidelines" at:
https://developer.apple.com/icloud/documentation/data-storage/
To disable web storage backup to iCloud, set the BackupWebStorage preference to "local" in the Cordova config.xml file

2015-07-21 23:01:09.568 Numerology[2746:37335] Resetting plugins due to page load.
2015-07-21 23:01:09.750 Numerology[2746:37335] Finished load of: file:///Users/prasathbasuvaraj/Library/Developer/CoreSimulator/Devices/A9041267-CFE0-4A75-B009-B7AD84E7A133/data/Containers/Bundle/Application/4575E074-34D0-4EEA-9C03-E8101AC946F7/Numerology.app/www/index.html#/numerology
2015-07-21 23:09:27.952 Numerology[2867:39544] DiskCookieStorage changing policy from 2 to 0, cookie file: file:///Users/prasathbasuvaraj/Library/Developer/CoreSimulator/Devices/A9041267-CFE0-4A75-B009-B7AD84E7A133/data/Containers/Data/Application/ED48EB2F-0528-4CFE-BE8A-5B64EFEB1B21/Library/Cookies/Cookies.binarycookies
2015-07-21 23:09:28.071 Numerology[2867:39544] Apache Cordova native platform version 3.7.0 is starting.
2015-07-21 23:09:28.072 Numerology[2867:39544] Multi-tasking -> Device: YES, App: YES
2015-07-21 23:09:28.082 Numerology[2867:39544] Unlimited access to network resources
2015-07-21 23:09:28.085 Numerology[2867:39544] 

Started backup to iCloud! Please be careful.
Your application might be rejected by Apple if you store too much data.
For more information please read "iOS Data Storage Guidelines" at:
https://developer.apple.com/icloud/documentation/data-storage/
To disable web storage backup to iCloud, set the BackupWebStorage preference to "local" in the Cordova config.xml file

2015-07-21 23:09:28.253 Numerology[2867:39544] Resetting plugins due to page load.
2015-07-21 23:09:28.398 Numerology[2867:39544] Finished load of: file:///Users/prasathbasuvaraj/Library/Developer/CoreSimulator/Devices/A9041267-CFE0-4A75-B009-B7AD84E7A133/data/Containers/Bundle/Application/047C23F7-5028-47E3-ABD3-57C6ED295277/Numerology.app/www/index.html
2015-07-21 23:10:08.452 Numerology[2867:39544] Resetting plugins due to page load.
2015-07-21 23:10:08.686 Numerology[2867:39544] Finished load of: file:///Users/prasathbasuvaraj/Library/Developer/CoreSimulator/Devices/A9041267-CFE0-4A75-B009-B7AD84E7A133/data/Containers/Bundle/Application/047C23F7-5028-47E3-ABD3-57C6ED295277/Numerology.app/www/index.html
2015-07-21 23:11:52.823 Numerology[2988:40812] DiskCookieStorage changing policy from 2 to 0, cookie file: file:///Users/prasathbasuvaraj/Library/Developer/CoreSimulator/Devices/A9041267-CFE0-4A75-B009-B7AD84E7A133/data/Containers/Data/Application/9B0EE229-7B62-41F5-BABA-F6B2E2F0CB0E/Library/Cookies/Cookies.binarycookies
2015-07-21 23:11:52.919 Numerology[2988:40812] Apache Cordova native platform version 3.7.0 is starting.
2015-07-21 23:11:52.920 Numerology[2988:40812] Multi-tasking -> Device: YES, App: YES
2015-07-21 23:11:52.922 Numerology[2988:40812] Unlimited access to network resources
2015-07-21 23:11:52.925 Numerology[2988:40812] 

Started backup to iCloud! Please be careful.
Your application might be rejected by Apple if you store too much data.
For more information please read "iOS Data Storage Guidelines" at:
https://developer.apple.com/icloud/documentation/data-storage/
To disable web storage backup to iCloud, set the BackupWebStorage preference to "local" in the Cordova config.xml file

2015-07-21 23:11:53.098 Numerology[2988:40812] Resetting plugins due to page load.
2015-07-21 23:11:53.285 Numerology[2988:40812] Finished load of: file:///Users/prasathbasuvaraj/Library/Developer/CoreSimulator/Devices/A9041267-CFE0-4A75-B009-B7AD84E7A133/data/Containers/Bundle/Application/F920F631-0F4B-4C19-B11B-56378B06018C/Numerology.app/www/index.html#/numerology
